<?xml version="1.0" encoding="utf-8"?><testsuites name="pytest tests"><testsuite name="pytest" errors="0" failures="1" skipped="0" tests="19" time="137.085" timestamp="2026-05-17T01:40:53.668787+00:00" hostname="agent-env-4cfc281b-62cf-4500-a1b0-64e0c3a64762"><testcase classname="backend.tests.test_curawaves.TestRootAndProtocols" name="test_root" time="0.189" /><testcase classname="backend.tests.test_curawaves.TestRootAndProtocols" name="test_list_protocols" time="0.046" /><testcase classname="backend.tests.test_curawaves.TestRootAndProtocols" name="test_get_protocol_valid" time="0.052" /><testcase classname="backend.tests.test_curawaves.TestRootAndProtocols" name="test_get_protocol_not_found" time="0.052" /><testcase classname="backend.tests.test_curawaves.TestQuestionnaireValidation" name="test_consent_required" time="0.052" /><testcase classname="backend.tests.test_curawaves.TestQuestionnaireValidation" name="test_invalid_primary_goal" time="0.052" /><testcase classname="backend.tests.test_curawaves.TestPlanGeneration" name="test_one_day_plan_structure" time="8.520" /><testcase classname="backend.tests.test_curawaves.TestPlanGeneration" name="test_autoimmune_flags" time="25.177" /><testcase classname="backend.tests.test_curawaves.TestGetPlan" name="test_get_existing_plan" time="0.049" /><testcase classname="backend.tests.test_curawaves.TestGetPlan" name="test_get_unknown_plan" time="0.049" /><testcase classname="backend.tests.test_curawaves.TestEmailPlan" name="test_email_plan_mocked" time="0.050" /><testcase classname="backend.tests.test_curawaves.TestEmailPlan" name="test_email_unknown_plan" time="0.047" /><testcase classname="backend.tests.test_curawaves.TestReassess" name="test_reassess_unknown_email" time="0.046" /><testcase classname="backend.tests.test_curawaves.TestReassess" name="test_reassess_existing_email" time="60.043"><failure message="assert 502 == 200&#10; +  where 502 = &lt;Response [502]&gt;.status_code">backend/tests/test_curawaves.py:182: in test_reassess_existing_email
    assert r.status_code == 200
E   assert 502 == 200
E    +  where 502 = &lt;Response [502]&gt;.status_code</failure></testcase><testcase classname="backend.tests.test_curawaves.TestAdmin" name="test_admin_no_token" time="42.267" /><testcase classname="backend.tests.test_curawaves.TestAdmin" name="test_admin_invalid_token" time="0.110" /><testcase classname="backend.tests.test_curawaves.TestAdmin" name="test_admin_valid_token" time="0.069" /><testcase classname="backend.tests.test_curawaves.TestAdmin" name="test_admin_send_reminders_unauth" time="0.054" /><testcase classname="backend.tests.test_curawaves.TestAdmin" name="test_admin_send_reminders_ok" time="0.049" /></testsuite></testsuites>